This is pdfTeX, Version 3.14159265-2.6-1.40.21 (TeX Live 2020) (preloaded format=pdflatex 2020.4.7)  13 MAR 2021 09:20
entering extended mode
 restricted \write18 enabled.
 file:line:error style messages enabled.
 %&-line parsing enabled.
**hw4_rs4163.tex
(./hw4_rs4163.tex
LaTeX2e <2020-02-02> patch level 5
L3 programming layer <2020-03-06>
(/usr/local/texlive/2020/texmf-dist/tex/latex/base/article.cls
Document Class: article 2019/12/20 v1.4l Standard LaTeX document class
(/usr/local/texlive/2020/texmf-dist/tex/latex/base/size10.clo
File: size10.clo 2019/12/20 v1.4l Standard LaTeX file (size option)
)
\c@part=\count167
\c@section=\count168
\c@subsection=\count169
\c@subsubsection=\count170
\c@paragraph=\count171
\c@subparagraph=\count172
\c@figure=\count173
\c@table=\count174
\abovecaptionskip=\skip47
\belowcaptionskip=\skip48
\bibindent=\dimen134
)
(/usr/local/texlive/2020/texmf-dist/tex/latex/amsfonts/amsfonts.sty
Package: amsfonts 2013/01/14 v3.01 Basic AMSFonts support
\@emptytoks=\toks15
\symAMSa=\mathgroup4
\symAMSb=\mathgroup5
LaTeX Font Info:    Redeclaring math symbol \hbar on input line 98.
LaTeX Font Info:    Overwriting math alphabet `\mathfrak' in version `bold'
(Font)                  U/euf/m/n --> U/euf/b/n on input line 106.
)
(/usr/local/texlive/2020/texmf-dist/tex/latex/amscls/amsthm.sty
Package: amsthm 2017/10/31 v2.20.4
\thm@style=\toks16
\thm@bodyfont=\toks17
\thm@headfont=\toks18
\thm@notefont=\toks19
\thm@headpunct=\toks20
\thm@preskip=\skip49
\thm@postskip=\skip50
\thm@headsep=\skip51
\dth@everypar=\toks21
)
(/usr/local/texlive/2020/texmf-dist/tex/latex/l3backend/l3backend-pdfmode.def
File: l3backend-pdfmode.def 2020-03-12 L3 backend support: PDF mode
\l__kernel_color_stack_int=\count175
\l__pdf_internal_box=\box45
)
No file hw4_rs4163.aux.
\openout1 = `hw4_rs4163.aux'.

LaTeX Font Info:    Checking defaults for OML/cmm/m/it on input line 13.
LaTeX Font Info:    ... okay on input line 13.
LaTeX Font Info:    Checking defaults for OMS/cmsy/m/n on input line 13.
LaTeX Font Info:    ... okay on input line 13.
LaTeX Font Info:    Checking defaults for OT1/cmr/m/n on input line 13.
LaTeX Font Info:    ... okay on input line 13.
LaTeX Font Info:    Checking defaults for T1/cmr/m/n on input line 13.
LaTeX Font Info:    ... okay on input line 13.
LaTeX Font Info:    Checking defaults for TS1/cmr/m/n on input line 13.
LaTeX Font Info:    ... okay on input line 13.
LaTeX Font Info:    Checking defaults for OMX/cmex/m/n on input line 13.
LaTeX Font Info:    ... okay on input line 13.
LaTeX Font Info:    Checking defaults for U/cmr/m/n on input line 13.
LaTeX Font Info:    ... okay on input line 13.
LaTeX Font Info:    Trying to load font information for U+msa on input line 14.

(/usr/local/texlive/2020/texmf-dist/tex/latex/amsfonts/umsa.fd
File: umsa.fd 2013/01/14 v3.01 AMS symbols A
)
LaTeX Font Info:    Trying to load font information for U+msb on input line 14.


(/usr/local/texlive/2020/texmf-dist/tex/latex/amsfonts/umsb.fd
File: umsb.fd 2013/01/14 v3.01 AMS symbols B
)
Underfull \hbox (badness 10000) in paragraph at lines 19--26

 []


Underfull \hbox (badness 10000) in paragraph at lines 19--26

 []


Underfull \hbox (badness 10000) in paragraph at lines 19--26

 []

[1

{/usr/local/texlive/2020/texmf-var/fonts/map/pdftex/updmap/pdftex.map}]
Underfull \hbox (badness 10000) in paragraph at lines 32--46

 []


Underfull \hbox (badness 10000) in paragraph at lines 32--46

 []


Underfull \hbox (badness 10000) in paragraph at lines 32--46

 []


Underfull \hbox (badness 10000) in paragraph at lines 32--46

 []


Underfull \hbox (badness 10000) in paragraph at lines 32--46

 []


Underfull \hbox (badness 10000) in paragraph at lines 32--46

 []

[2]
Underfull \hbox (badness 10000) in paragraph at lines 52--55

 []


Underfull \hbox (badness 10000) in paragraph at lines 55--83

 []


Underfull \hbox (badness 10000) in paragraph at lines 55--83

 []


Underfull \hbox (badness 10000) in paragraph at lines 55--83

 []


Underfull \hbox (badness 10000) in paragraph at lines 55--83

 []


Underfull \hbox (badness 10000) in paragraph at lines 55--83

 []


Underfull \hbox (badness 10000) in paragraph at lines 55--83

 []


Underfull \hbox (badness 10000) in paragraph at lines 55--83

 []


Underfull \hbox (badness 10000) in paragraph at lines 55--83

 []


Underfull \hbox (badness 10000) in paragraph at lines 55--83

 []


Underfull \hbox (badness 10000) in paragraph at lines 55--83

 []

[3]
Underfull \hbox (badness 10000) in paragraph at lines 89--108

 []


Underfull \hbox (badness 10000) in paragraph at lines 89--108

 []


Underfull \hbox (badness 10000) in paragraph at lines 89--108

 []


Underfull \hbox (badness 10000) in paragraph at lines 89--108

 []


Underfull \hbox (badness 10000) in paragraph at lines 89--108

 []


Underfull \hbox (badness 10000) in paragraph at lines 89--108

 []


Underfull \hbox (badness 10000) in paragraph at lines 89--108

 []


Underfull \hbox (badness 10000) in paragraph at lines 89--108

 []


Underfull \hbox (badness 10000) in paragraph at lines 89--108

 []

[4]
Underfull \hbox (badness 10000) in paragraph at lines 115--119

 []


Underfull \hbox (badness 10000) in paragraph at lines 115--119

 []


Underfull \hbox (badness 10000) in paragraph at lines 115--119

 []

[5]
Underfull \hbox (badness 10000) in paragraph at lines 125--135

 []


Underfull \hbox (badness 10000) in paragraph at lines 125--135

 []


Underfull \hbox (badness 10000) in paragraph at lines 125--135

 []


Underfull \hbox (badness 10000) in paragraph at lines 125--135

 []

[6] (./hw4_rs4163.aux) ) 
Here is how much of TeX's memory you used:
 597 strings out of 480608
 9156 string characters out of 5903631
 243610 words of memory out of 5000000
 16539 multiletter control sequences out of 15000+600000
 540240 words of font info for 55 fonts, out of 8000000 for 9000
 1141 hyphenation exceptions out of 8191
 25i,6n,27p,209b,199s stack positions out of 5000i,500n,10000p,200000b,80000s
</usr/local/texlive/2020/texmf-dist/fonts/type1/public/
amsfonts/cm/cmbx10.pfb></usr/local/texlive/2020/texmf-dist/fonts/type1/public/a
msfonts/cm/cmbx12.pfb></usr/local/texlive/2020/texmf-dist/fonts/type1/public/am
sfonts/cm/cmmi10.pfb></usr/local/texlive/2020/texmf-dist/fonts/type1/public/ams
fonts/cm/cmmi7.pfb></usr/local/texlive/2020/texmf-dist/fonts/type1/public/amsfo
nts/cm/cmr10.pfb></usr/local/texlive/2020/texmf-dist/fonts/type1/public/amsfont
s/cm/cmr12.pfb></usr/local/texlive/2020/texmf-dist/fonts/type1/public/amsfonts/
cm/cmr17.pfb></usr/local/texlive/2020/texmf-dist/fonts/type1/public/amsfonts/cm
/cmr7.pfb></usr/local/texlive/2020/texmf-dist/fonts/type1/public/amsfonts/cm/cm
sy10.pfb></usr/local/texlive/2020/texmf-dist/fonts/type1/public/amsfonts/cm/cmt
i10.pfb></usr/local/texlive/2020/texmf-dist/fonts/type1/public/amsfonts/symbols
/msbm10.pfb>
Output written on hw4_rs4163.pdf (6 pages, 115739 bytes).
PDF statistics:
 67 PDF objects out of 1000 (max. 8388607)
 47 compressed objects within 1 object stream
 0 named destinations out of 1000 (max. 500000)
 1 words of extra memory for PDF output out of 10000 (max. 10000000)

